2016-01-09 13:57:25 | ==================[ Incoming Request ]==================
2016-01-09 13:57:26 | Full _REQUEST dump:
Array
(
    [key] => addafbaplm
)

2016-01-09 13:57:26 | Processing a "" request...
2016-01-09 13:57:26 | Request type "" unknown, ignoring.
2016-01-09 13:57:26 | Finished processing request.
2016-01-09 14:01:22 |  just subscribed!
2016-01-09 14:01:22 | Finished processing request.
2016-01-09 14:02:19 | vnicolas054@gmail.com just subscribed!
2016-01-09 14:02:19 | Finished processing request.
2016-01-09 14:03:35 | vnicolas054@gmail.com just subscribed!
2016-01-09 14:03:35 | Finished processing request.
2016-01-09 14:04:27 | vnicolas054@gmail.com just subscribed!
2016-01-09 14:04:27 | Finished processing request.
2016-01-09 14:05:19 | vnicolas054@gmail.com just subscribed!
2016-01-09 14:05:19 | Finished processing request.
2016-01-09 14:06:39 | vnicolas054@gmail.com just subscribed!
2016-01-09 14:06:40 | Finished processing request.
2016-01-09 14:08:10 | Finished processing request.
